# JRE version: OpenJDK Runtime Environment Microsoft-13106358 (17.0.18+8) (build 17.0.18+8-LTS)
# Java VM: OpenJDK 64-Bit Server VM Microsoft-13106358 (17.0.18+8-LTS, mixed mode, sharing, tiered, compressed oops, compressed class ptrs, g1 gc, windows-amd64)
GC Precious Log:
 CPUs: 16 total, 16 available
 Memory: 23802M
 Large Page Support: Disabled
 NUMA Support: Disabled
 Compressed Oops: Enabled (Zero based)
 Heap Region Size: 4M
 Heap Min Capacity: 8M
 Heap Initial Capacity: 372M
 Heap Max Capacity: 5952M
 Pre-touch: Disabled
 Parallel Workers: 13
 Concurrent Workers: 3
 Concurrent Refinement Workers: 13
 Periodic GC: Disabled
Heap:
 garbage-first heap   total 225280K, used 102390K [0x000000068c000000, 0x0000000800000000)
  region size 4096K, 18 young (73728K), 4 survivors (16384K)
 Metaspace       used 29878K, committed 30208K, reserved 1114112K
  class space    used 3301K, committed 3456K, reserved 1048576K
GC Heap History (16 events):
Event: 0.330 GC heap before
{Heap before GC invocations=0 (full 0):
 garbage-first heap   total 380928K, used 20480K [0x000000068c000000, 0x0000000800000000)
  region size 4096K, 5 young (20480K), 0 survivors (0K)
 Metaspace       used 5348K, committed 5504K, reserved 1114112K
  class space    used 630K, committed 704K, reserved 1048576K
}
Event: 0.332 GC heap after
{Heap after GC invocations=1 (full 0):
 garbage-first heap   total 380928K, used 3660K [0x000000068c000000, 0x0000000800000000)
  region size 4096K, 1 young (4096K), 1 survivors (4096K)
 Metaspace       used 5348K, committed 5504K, reserved 1114112K
  class space    used 630K, committed 704K, reserved 1048576K
}
Event: 0.496 GC heap before
{Heap before GC invocations=1 (full 0):
 garbage-first heap   total 380928K, used 24140K [0x000000068c000000, 0x0000000800000000)
  region size 4096K, 6 young (24576K), 1 survivors (4096K)
 Metaspace       used 6964K, committed 7104K, reserved 1114112K
  class space    used 823K, committed 896K, reserved 1048576K
}
Event: 0.498 GC heap after
{Heap after GC invocations=2 (full 0):
 garbage-first heap   total 380928K, used 4336K [0x000000068c000000, 0x0000000800000000)
  region size 4096K, 1 young (4096K), 1 survivors (4096K)
 Metaspace       used 6964K, committed 7104K, reserved 1114112K
  class space    used 823K, committed 896K, reserved 1048576K
}
Event: 1.231 GC heap before
{Heap before GC invocations=2 (full 0):
 garbage-first heap   total 380928K, used 65776K [0x000000068c000000, 0x0000000800000000)
  region size 4096K, 16 young (65536K), 1 survivors (4096K)
 Metaspace       used 15626K, committed 15744K, reserved 1114112K
  class space    used 1865K, committed 1920K, reserved 1048576K
}
Event: 1.234 GC heap after
{Heap after GC invocations=3 (full 0):
 garbage-first heap   total 380928K, used 8503K [0x000000068c000000, 0x0000000800000000)
  region size 4096K, 2 young (8192K), 2 survivors (8192K)
 Metaspace       used 15626K, committed 15744K, reserved 1114112K
  class space    used 1865K, committed 1920K, reserved 1048576K
}
Event: 2.278 GC heap before
{Heap before GC invocations=3 (full 0):
 garbage-first heap   total 380928K, used 94519K [0x000000068c000000, 0x0000000800000000)
  region size 4096K, 24 young (98304K), 2 survivors (8192K)
 Metaspace       used 21222K, committed 21504K, reserved 1114112K
  class space    used 2475K, committed 2624K, reserved 1048576K
}
Event: 2.282 GC heap after
{Heap after GC invocations=4 (full 0):
 garbage-first heap   total 380928K, used 12988K [0x000000068c000000, 0x0000000800000000)
  region size 4096K, 3 young (12288K), 3 survivors (12288K)
 Metaspace       used 21222K, committed 21504K, reserved 1114112K
  class space    used 2475K, committed 2624K, reserved 1048576K
}
Event: 2.606 GC heap before
{Heap before GC invocations=5 (full 0):
 garbage-first heap   total 69632K, used 45756K [0x000000068c000000, 0x0000000800000000)
  region size 4096K, 11 young (45056K), 3 survivors (12288K)
 Metaspace       used 25184K, committed 25472K, reserved 1114112K
  class space    used 2888K, committed 3072K, reserved 1048576K
}
Event: 2.615 GC heap after
{Heap after GC invocations=6 (full 0):
 garbage-first heap   total 69632K, used 21968K [0x000000068c000000, 0x0000000800000000)
  region size 4096K, 2 young (8192K), 2 survivors (8192K)
 Metaspace       used 25184K, committed 25472K, reserved 1114112K
  class space    used 2888K, committed 3072K, reserved 1048576K
}
Event: 2.728 GC heap before
{Heap before GC invocations=6 (full 0):
 garbage-first heap   total 69632K, used 26064K [0x000000068c000000, 0x0000000800000000)
  region size 4096K, 3 young (12288K), 2 survivors (8192K)
 Metaspace       used 25788K, committed 26048K, reserved 1114112K
  class space    used 2957K, committed 3072K, reserved 1048576K
}
Event: 2.741 GC heap after
{Heap after GC invocations=7 (full 0):
 garbage-first heap   total 69632K, used 25016K [0x000000068c000000, 0x0000000800000000)
  region size 4096K, 1 young (4096K), 1 survivors (4096K)
 Metaspace       used 25788K, committed 26048K, reserved 1114112K
  class space    used 2957K, committed 3072K, reserved 1048576K
}
Event: 2.998 GC heap before
{Heap before GC invocations=7 (full 0):
 garbage-first heap   total 69632K, used 45496K [0x000000068c000000, 0x0000000800000000)
  region size 4096K, 6 young (24576K), 1 survivors (4096K)
 Metaspace       used 25854K, committed 26112K, reserved 1114112K
  class space    used 2958K, committed 3072K, reserved 1048576K
}
Event: 3.003 GC heap after
{Heap after GC invocations=8 (full 0):
 garbage-first heap   total 225280K, used 32332K [0x000000068c000000, 0x0000000800000000)
  region size 4096K, 1 young (4096K), 1 survivors (4096K)
 Metaspace       used 25854K, committed 26112K, reserved 1114112K
  class space    used 2958K, committed 3072K, reserved 1048576K
}
Event: 4.187 GC heap before
{Heap before GC invocations=8 (full 0):
 garbage-first heap   total 225280K, used 134732K [0x000000068c000000, 0x0000000800000000)
  region size 4096K, 26 young (106496K), 1 survivors (4096K)
 Metaspace       used 29228K, committed 29504K, reserved 1114112K
  class space    used 3263K, committed 3392K, reserved 1048576K
}
Event: 4.201 GC heap after
{Heap after GC invocations=9 (full 0):
 garbage-first heap   total 225280K, used 49142K [0x000000068c000000, 0x0000000800000000)
  region size 4096K, 4 young (16384K), 4 survivors (16384K)
 Metaspace       used 29228K, committed 29504K, reserved 1114112K
  class space    used 3263K, committed 3392K, reserved 1048576K
}

