# JRE version: OpenJDK Runtime Environment Microsoft-13106358 (17.0.18+8) (build 17.0.18+8-LTS)
# Java VM: OpenJDK 64-Bit Server VM Microsoft-13106358 (17.0.18+8-LTS, mixed mode, sharing, tiered, compressed oops, compressed class ptrs, g1 gc, windows-amd64)
GC Precious Log:
 CPUs: 16 total, 16 available
 Memory: 23802M
 Large Page Support: Disabled
 NUMA Support: Disabled
 Compressed Oops: Enabled (Zero based)
 Heap Region Size: 4M
 Heap Min Capacity: 8M
 Heap Initial Capacity: 372M
 Heap Max Capacity: 5952M
 Pre-touch: Disabled
 Parallel Workers: 13
 Concurrent Workers: 3
 Concurrent Refinement Workers: 13
 Periodic GC: Disabled
Heap:
 garbage-first heap   total 69632K, used 13865K [0x000000068c000000, 0x0000000800000000)
  region size 4096K, 3 young (12288K), 2 survivors (8192K)
 Metaspace       used 25235K, committed 25472K, reserved 1114112K
  class space    used 3523K, committed 3648K, reserved 1048576K
GC Heap History (8 events):
Event: 0.890 GC heap before
{Heap before GC invocations=0 (full 0):
 garbage-first heap   total 380928K, used 20480K [0x000000068c000000, 0x0000000800000000)
  region size 4096K, 5 young (20480K), 0 survivors (0K)
 Metaspace       used 4046K, committed 4288K, reserved 1114112K
  class space    used 437K, committed 576K, reserved 1048576K
}
Event: 0.892 GC heap after
{Heap after GC invocations=1 (full 0):
 garbage-first heap   total 380928K, used 2577K [0x000000068c000000, 0x0000000800000000)
  region size 4096K, 1 young (4096K), 1 survivors (4096K)
 Metaspace       used 4046K, committed 4288K, reserved 1114112K
  class space    used 437K, committed 576K, reserved 1048576K
}
Event: 1.657 GC heap before
{Heap before GC invocations=1 (full 0):
 garbage-first heap   total 380928K, used 47633K [0x000000068c000000, 0x0000000800000000)
  region size 4096K, 12 young (49152K), 1 survivors (4096K)
 Metaspace       used 20685K, committed 20928K, reserved 1114112K
  class space    used 2746K, committed 2880K, reserved 1048576K
}
Event: 1.661 GC heap after
{Heap after GC invocations=2 (full 0):
 garbage-first heap   total 380928K, used 8724K [0x000000068c000000, 0x0000000800000000)
  region size 4096K, 2 young (8192K), 2 survivors (8192K)
 Metaspace       used 20685K, committed 20928K, reserved 1114112K
  class space    used 2746K, committed 2880K, reserved 1048576K
}
Event: 1.698 GC heap before
{Heap before GC invocations=2 (full 0):
 garbage-first heap   total 380928K, used 12820K [0x000000068c000000, 0x0000000800000000)
  region size 4096K, 4 young (16384K), 2 survivors (8192K)
 Metaspace       used 21286K, committed 21504K, reserved 1114112K
  class space    used 2870K, committed 3008K, reserved 1048576K
}
Event: 1.701 GC heap after
{Heap after GC invocations=3 (full 0):
 garbage-first heap   total 380928K, used 9393K [0x000000068c000000, 0x0000000800000000)
  region size 4096K, 3 young (12288K), 3 survivors (12288K)
 Metaspace       used 21286K, committed 21504K, reserved 1114112K
  class space    used 2870K, committed 3008K, reserved 1048576K
}
Event: 5.952 GC heap before
{Heap before GC invocations=4 (full 0):
 garbage-first heap   total 69632K, used 38065K [0x000000068c000000, 0x0000000800000000)
  region size 4096K, 10 young (40960K), 3 survivors (12288K)
 Metaspace       used 25144K, committed 25408K, reserved 1114112K
  class space    used 3523K, committed 3648K, reserved 1048576K
}
Event: 5.960 GC heap after
{Heap after GC invocations=5 (full 0):
 garbage-first heap   total 69632K, used 13865K [0x000000068c000000, 0x0000000800000000)
  region size 4096K, 2 young (8192K), 2 survivors (8192K)
 Metaspace       used 25144K, committed 25408K, reserved 1114112K
  class space    used 3523K, committed 3648K, reserved 1048576K
}

