# JRE version: OpenJDK Runtime Environment Microsoft-13106358 (17.0.18+8) (build 17.0.18+8-LTS)
# Java VM: OpenJDK 64-Bit Server VM Microsoft-13106358 (17.0.18+8-LTS, mixed mode, sharing, tiered, compressed oops, compressed class ptrs, g1 gc, windows-amd64)
GC Precious Log:
 CPUs: 16 total, 16 available
 Memory: 23802M
 Large Page Support: Disabled
 NUMA Support: Disabled
 Compressed Oops: Enabled (Zero based)
 Heap Region Size: 4M
 Heap Min Capacity: 8M
 Heap Initial Capacity: 372M
 Heap Max Capacity: 5952M
 Pre-touch: Disabled
 Parallel Workers: 13
 Concurrent Workers: 3
 Concurrent Refinement Workers: 13
 Periodic GC: Disabled
Heap:
 garbage-first heap   total 225280K, used 72764K [0x000000068c000000, 0x0000000800000000)
  region size 4096K, 11 young (45056K), 4 survivors (16384K)
 Metaspace       used 29492K, committed 29696K, reserved 1114112K
  class space    used 3283K, committed 3392K, reserved 1048576K
GC Heap History (16 events):
Event: 0.390 GC heap before
{Heap before GC invocations=0 (full 0):
 garbage-first heap   total 380928K, used 20480K [0x000000068c000000, 0x0000000800000000)
  region size 4096K, 5 young (20480K), 0 survivors (0K)
 Metaspace       used 5349K, committed 5504K, reserved 1114112K
  class space    used 629K, committed 704K, reserved 1048576K
}
Event: 0.392 GC heap after
{Heap after GC invocations=1 (full 0):
 garbage-first heap   total 380928K, used 3680K [0x000000068c000000, 0x0000000800000000)
  region size 4096K, 1 young (4096K), 1 survivors (4096K)
 Metaspace       used 5349K, committed 5504K, reserved 1114112K
  class space    used 629K, committed 704K, reserved 1048576K
}
Event: 0.563 GC heap before
{Heap before GC invocations=1 (full 0):
 garbage-first heap   total 380928K, used 24160K [0x000000068c000000, 0x0000000800000000)
  region size 4096K, 6 young (24576K), 1 survivors (4096K)
 Metaspace       used 6967K, committed 7104K, reserved 1114112K
  class space    used 823K, committed 896K, reserved 1048576K
}
Event: 0.565 GC heap after
{Heap after GC invocations=2 (full 0):
 garbage-first heap   total 380928K, used 4366K [0x000000068c000000, 0x0000000800000000)
  region size 4096K, 1 young (4096K), 1 survivors (4096K)
 Metaspace       used 6967K, committed 7104K, reserved 1114112K
  class space    used 823K, committed 896K, reserved 1048576K
}
Event: 1.350 GC heap before
{Heap before GC invocations=2 (full 0):
 garbage-first heap   total 380928K, used 65806K [0x000000068c000000, 0x0000000800000000)
  region size 4096K, 16 young (65536K), 1 survivors (4096K)
 Metaspace       used 15624K, committed 15744K, reserved 1114112K
  class space    used 1865K, committed 1920K, reserved 1048576K
}
Event: 1.353 GC heap after
{Heap after GC invocations=3 (full 0):
 garbage-first heap   total 380928K, used 8491K [0x000000068c000000, 0x0000000800000000)
  region size 4096K, 2 young (8192K), 2 survivors (8192K)
 Metaspace       used 15624K, committed 15744K, reserved 1114112K
  class space    used 1865K, committed 1920K, reserved 1048576K
}
Event: 2.442 GC heap before
{Heap before GC invocations=3 (full 0):
 garbage-first heap   total 380928K, used 94507K [0x000000068c000000, 0x0000000800000000)
  region size 4096K, 24 young (98304K), 2 survivors (8192K)
 Metaspace       used 21243K, committed 21504K, reserved 1114112K
  class space    used 2481K, committed 2624K, reserved 1048576K
}
Event: 2.447 GC heap after
{Heap after GC invocations=4 (full 0):
 garbage-first heap   total 380928K, used 12881K [0x000000068c000000, 0x0000000800000000)
  region size 4096K, 3 young (12288K), 3 survivors (12288K)
 Metaspace       used 21243K, committed 21504K, reserved 1114112K
  class space    used 2481K, committed 2624K, reserved 1048576K
}
Event: 2.753 GC heap before
{Heap before GC invocations=5 (full 0):
 garbage-first heap   total 69632K, used 45649K [0x000000068c000000, 0x0000000800000000)
  region size 4096K, 11 young (45056K), 3 survivors (12288K)
 Metaspace       used 25186K, committed 25472K, reserved 1114112K
  class space    used 2888K, committed 3072K, reserved 1048576K
}
Event: 2.762 GC heap after
{Heap after GC invocations=6 (full 0):
 garbage-first heap   total 69632K, used 21916K [0x000000068c000000, 0x0000000800000000)
  region size 4096K, 2 young (8192K), 2 survivors (8192K)
 Metaspace       used 25186K, committed 25472K, reserved 1114112K
  class space    used 2888K, committed 3072K, reserved 1048576K
}
Event: 2.875 GC heap before
{Heap before GC invocations=6 (full 0):
 garbage-first heap   total 69632K, used 26012K [0x000000068c000000, 0x0000000800000000)
  region size 4096K, 3 young (12288K), 2 survivors (8192K)
 Metaspace       used 25795K, committed 26048K, reserved 1114112K
  class space    used 2957K, committed 3072K, reserved 1048576K
}
Event: 2.887 GC heap after
{Heap after GC invocations=7 (full 0):
 garbage-first heap   total 69632K, used 24727K [0x000000068c000000, 0x0000000800000000)
  region size 4096K, 1 young (4096K), 1 survivors (4096K)
 Metaspace       used 25795K, committed 26048K, reserved 1114112K
  class space    used 2957K, committed 3072K, reserved 1048576K
}
Event: 3.124 GC heap before
{Heap before GC invocations=7 (full 0):
 garbage-first heap   total 69632K, used 45207K [0x000000068c000000, 0x0000000800000000)
  region size 4096K, 6 young (24576K), 1 survivors (4096K)
 Metaspace       used 25862K, committed 26112K, reserved 1114112K
  class space    used 2959K, committed 3072K, reserved 1048576K
}
Event: 3.130 GC heap after
{Heap after GC invocations=8 (full 0):
 garbage-first heap   total 225280K, used 32285K [0x000000068c000000, 0x0000000800000000)
  region size 4096K, 1 young (4096K), 1 survivors (4096K)
 Metaspace       used 25862K, committed 26112K, reserved 1114112K
  class space    used 2959K, committed 3072K, reserved 1048576K
}
Event: 4.371 GC heap before
{Heap before GC invocations=8 (full 0):
 garbage-first heap   total 225280K, used 134685K [0x000000068c000000, 0x0000000800000000)
  region size 4096K, 26 young (106496K), 1 survivors (4096K)
 Metaspace       used 29226K, committed 29504K, reserved 1114112K
  class space    used 3265K, committed 3392K, reserved 1048576K
}
Event: 4.387 GC heap after
{Heap after GC invocations=9 (full 0):
 garbage-first heap   total 225280K, used 48188K [0x000000068c000000, 0x0000000800000000)
  region size 4096K, 4 young (16384K), 4 survivors (16384K)
 Metaspace       used 29226K, committed 29504K, reserved 1114112K
  class space    used 3265K, committed 3392K, reserved 1048576K
}

